2025-05-08 11:38:02 - YouTubeScraper - INFO - Starting scrape for 2 contract terms
2025-05-08 11:38:04 - YouTubeScraper - INFO - Fetching search page html for search "e30645"
2025-05-08 11:38:04 - YouTubeScraper - INFO - Fetching search page html for search "1000144457"
2025-05-08 11:38:17 - YouTubeScraper - INFO - Page for 'e30645' fetched successfully - Status: 200, Length: 21872, Time taken: 12.8331 seconds
2025-05-08 11:38:17 - YouTubeScraper - DEBUG - Found match for contract: e30645
2025-05-08 11:38:20 - YouTubeScraper - INFO - Page for '1000144457' fetched successfully - Status: 200, Length: 20795, Time taken: 16.1349 seconds
2025-05-08 11:38:20 - YouTubeScraper - WARNING - ⚠️ No match found for contract: 1000144457
2025-05-08 11:38:21 - YouTubeScraper - INFO - Found 1 matches from 2 terms
2025-05-08 11:38:23 - YouTubeScraper - INFO - Fetching final page html for "E30645"
2025-05-08 11:38:29 - YouTubeScraper - INFO - Page for 'E30645' fetched successfully - Status: 200, Length: 27483, Time taken: 6.5954 seconds
2025-05-08 11:38:30 - YouTubeScraper - DEBUG - Parsed details for: E30645
2025-05-08 11:38:31 - YouTubeScraper - INFO - Successfully processed 1 of 1 contracts
2025-05-08 11:38:31 - YouTubeScraper - INFO - ✅ Scraping completed in 28.91 seconds
2025-05-08 11:38:31 - YouTubeScraper - INFO - 📊 Success rate: 50.00% (1/2)
2025-05-08 11:38:31 - YouTubeScraper - INFO - ✅ Data saved successfully to 'output_data\contracts_data.json'
2025-05-08 11:40:14 - YouTubeScraper - INFO - Starting scraping for 1 contracts with 10 workers
2025-05-08 11:40:14 - YouTubeScraper - INFO - Attempt 1 for contract e30645
2025-05-08 11:40:17 - YouTubeScraper - INFO - Searching for contract: e30645
2025-05-08 11:40:49 - YouTubeScraper - INFO - Successfully retrieved HTML for contract: e30645
2025-05-08 11:40:51 - YouTubeScraper - DEBUG - Function launch_browser executed in 37.44 seconds
2025-05-08 11:40:51 - YouTubeScraper - INFO - Successfully scraped contract e30645
2025-05-08 11:40:51 - YouTubeScraper - INFO - Added result for contract e30645
2025-05-08 11:40:51 - YouTubeScraper - INFO - Completed scraping with 1 successful results out of 1 contracts
2025-05-08 11:40:51 - YouTubeScraper - INFO - ✅ Data saved successfully to 'output_data\contracts_data.json'
